<?xml version="1.0" encoding="UTF-8"?>
<testng-results ignored="0" total="4" passed="4" failed="0" skipped="0">
  <reporter-output>
  </reporter-output>
  <suite started-at="2019-06-23T12:38:47Z" name="Hybrid Test Suite" finished-at="2019-06-23T12:38:47Z" duration-ms="0">
    <groups>
    </groups>
  </suite> <!-- Hybrid Test Suite -->
  <suite started-at="2019-06-23T12:38:47Z" name="SuiteA" finished-at="2019-06-23T12:38:47Z" duration-ms="147">
    <groups>
    </groups>
    <test started-at="2019-06-23T12:38:47Z" name="TestA1" finished-at="2019-06-23T12:38:47Z" duration-ms="47">
      <class name="suiteA.TestA1">
        <test-method signature="TestAA1()[pri:0, instance:suiteA.TestA1@14ec4505]" started-at="2019-06-23T18:08:47Z" name="TestAA1" finished-at="2019-06-23T18:08:47Z" duration-ms="9" status="PASS">
          <reporter-output>
          </reporter-output>
        </test-method> <!-- TestAA1 -->
      </class> <!-- suiteA.TestA1 -->
    </test> <!-- TestA1 -->
    <test started-at="2019-06-23T12:38:47Z" name="TestA2" finished-at="2019-06-23T12:38:47Z" duration-ms="1">
      <class name="suiteA.TestA2">
        <test-method signature="TestAA2()[pri:0, instance:suiteA.TestA2@3bd40a57]" started-at="2019-06-23T18:08:47Z" name="TestAA2" finished-at="2019-06-23T18:08:47Z" duration-ms="0" status="PASS">
          <reporter-output>
          </reporter-output>
        </test-method> <!-- TestAA2 -->
      </class> <!-- suiteA.TestA2 -->
    </test> <!-- TestA2 -->
  </suite> <!-- SuiteA -->
  <suite started-at="2019-06-23T12:38:47Z" name="SuiteB" finished-at="2019-06-23T12:38:47Z" duration-ms="20">
    <groups>
    </groups>
    <test started-at="2019-06-23T12:38:47Z" name="TestB1" finished-at="2019-06-23T12:38:47Z" duration-ms="1">
      <class name="suiteB.TestB1">
        <test-method signature="TestBB1()[pri:0, instance:suiteB.TestB1@8909f18]" started-at="2019-06-23T18:08:47Z" name="TestBB1" finished-at="2019-06-23T18:08:47Z" duration-ms="1" status="PASS">
          <reporter-output>
          </reporter-output>
        </test-method> <!-- TestBB1 -->
      </class> <!-- suiteB.TestB1 -->
    </test> <!-- TestB1 -->
    <test started-at="2019-06-23T12:38:47Z" name="TestB2" finished-at="2019-06-23T12:38:47Z" duration-ms="0">
      <class name="suiteB.TestB2">
        <test-method signature="TestBB2()[pri:0, instance:suiteB.TestB2@1198b989]" started-at="2019-06-23T18:08:47Z" name="TestBB2" finished-at="2019-06-23T18:08:47Z" duration-ms="0" status="PASS">
          <reporter-output>
          </reporter-output>
        </test-method> <!-- TestBB2 -->
      </class> <!-- suiteB.TestB2 -->
    </test> <!-- TestB2 -->
  </suite> <!-- SuiteB -->
</testng-results>
